CRITICAL - 2025-12-22 04:22:10 --> CodeIgniter\HTTP\Exceptions\BadRequestException: The URI you submitted has disallowed characters: "lucide@latest"
[Method: GET, Route: Artikel%20_%20Furnetic%20-%20Inspirasi%20Furniture_files/lucide@latest]
in SYSTEMPATH\Router\Router.php on line 741.
 1 SYSTEMPATH\Router\Router.php(207): CodeIgniter\Router\Router->checkDisallowedChars('Artikel _ Furnetic - Inspirasi Furniture_files/lucide@latest')
 2 SYSTEMPATH\CodeIgniter.php(832): CodeIgniter\Router\Router->handle('Artikel _ Furnetic - Inspirasi Furniture_files/lucide@latest')
 3 SYSTEMPATH\CodeIgniter.php(455): CodeIgniter\CodeIgniter->tryToRouteIt(Object(CodeIgniter\Router\RouteCollection))
 4 SYSTEMPATH\CodeIgniter.php(354): CodeIgniter\CodeIgniter->handleRequest(null, Object(Config\Cache), false)
 5 SYSTEMPATH\Boot.php(363): CodeIgniter\CodeIgniter->run()
 6 SYSTEMPATH\Boot.php(68): CodeIgniter\Boot::runCodeIgniter(Object(CodeIgniter\CodeIgniter))
 7 FCPATH\index.php(59): CodeIgniter\Boot::bootWeb(Object(Config\Paths))
 8 SYSTEMPATH\rewrite.php(44): require_once('D:\\xamp1\\htdocs\\ci-mind\\public\\index.php')
CRITICAL - 2025-12-22 04:35:51 --> CodeIgniter\HTTP\Exceptions\BadRequestException: The URI you submitted has disallowed characters: "lucide@latest"
[Method: GET, Route: Artikel%20_%20Furnetic%20-%20Inspirasi%20Furniture_files/lucide@latest]
in SYSTEMPATH\Router\Router.php on line 741.
 1 SYSTEMPATH\Router\Router.php(207): CodeIgniter\Router\Router->checkDisallowedChars('Artikel _ Furnetic - Inspirasi Furniture_files/lucide@latest')
 2 SYSTEMPATH\CodeIgniter.php(832): CodeIgniter\Router\Router->handle('Artikel _ Furnetic - Inspirasi Furniture_files/lucide@latest')
 3 SYSTEMPATH\CodeIgniter.php(455): CodeIgniter\CodeIgniter->tryToRouteIt(Object(CodeIgniter\Router\RouteCollection))
 4 SYSTEMPATH\CodeIgniter.php(354): CodeIgniter\CodeIgniter->handleRequest(null, Object(Config\Cache), false)
 5 SYSTEMPATH\Boot.php(363): CodeIgniter\CodeIgniter->run()
 6 SYSTEMPATH\Boot.php(68): CodeIgniter\Boot::runCodeIgniter(Object(CodeIgniter\CodeIgniter))
 7 FCPATH\index.php(59): CodeIgniter\Boot::bootWeb(Object(Config\Paths))
 8 SYSTEMPATH\rewrite.php(44): require_once('D:\\xamp1\\htdocs\\ci-mind\\public\\index.php')
CRITICAL - 2025-12-22 05:27:42 --> CodeIgniter\HTTP\Exceptions\BadRequestException: The URI you submitted has disallowed characters: "lucide@latest"
[Method: GET, Route: Artikel%20_%20Furnetic%20-%20Inspirasi%20Furniture_files/lucide@latest]
in SYSTEMPATH\Router\Router.php on line 741.
 1 SYSTEMPATH\Router\Router.php(207): CodeIgniter\Router\Router->checkDisallowedChars('Artikel _ Furnetic - Inspirasi Furniture_files/lucide@latest')
 2 SYSTEMPATH\CodeIgniter.php(832): CodeIgniter\Router\Router->handle('Artikel _ Furnetic - Inspirasi Furniture_files/lucide@latest')
 3 SYSTEMPATH\CodeIgniter.php(455): CodeIgniter\CodeIgniter->tryToRouteIt(Object(CodeIgniter\Router\RouteCollection))
 4 SYSTEMPATH\CodeIgniter.php(354): CodeIgniter\CodeIgniter->handleRequest(null, Object(Config\Cache), false)
 5 SYSTEMPATH\Boot.php(363): CodeIgniter\CodeIgniter->run()
 6 SYSTEMPATH\Boot.php(68): CodeIgniter\Boot::runCodeIgniter(Object(CodeIgniter\CodeIgniter))
 7 FCPATH\index.php(59): CodeIgniter\Boot::bootWeb(Object(Config\Paths))
 8 SYSTEMPATH\rewrite.php(44): require_once('D:\\xamp1\\htdocs\\ci-mind\\public\\index.php')
CRITICAL - 2025-12-22 05:31:41 --> CodeIgniter\HTTP\Exceptions\BadRequestException: The URI you submitted has disallowed characters: "lucide@latest"
[Method: GET, Route: Artikel%20_%20Furnetic%20-%20Inspirasi%20Furniture_files/lucide@latest]
in SYSTEMPATH\Router\Router.php on line 741.
 1 SYSTEMPATH\Router\Router.php(207): CodeIgniter\Router\Router->checkDisallowedChars('Artikel _ Furnetic - Inspirasi Furniture_files/lucide@latest')
 2 SYSTEMPATH\CodeIgniter.php(832): CodeIgniter\Router\Router->handle('Artikel _ Furnetic - Inspirasi Furniture_files/lucide@latest')
 3 SYSTEMPATH\CodeIgniter.php(455): CodeIgniter\CodeIgniter->tryToRouteIt(Object(CodeIgniter\Router\RouteCollection))
 4 SYSTEMPATH\CodeIgniter.php(354): CodeIgniter\CodeIgniter->handleRequest(null, Object(Config\Cache), false)
 5 SYSTEMPATH\Boot.php(363): CodeIgniter\CodeIgniter->run()
 6 SYSTEMPATH\Boot.php(68): CodeIgniter\Boot::runCodeIgniter(Object(CodeIgniter\CodeIgniter))
 7 FCPATH\index.php(59): CodeIgniter\Boot::bootWeb(Object(Config\Paths))
 8 SYSTEMPATH\rewrite.php(44): require_once('D:\\xamp1\\htdocs\\ci-mind\\public\\index.php')
CRITICAL - 2025-12-22 06:28:06 --> CodeIgniter\HTTP\Exceptions\BadRequestException: The URI you submitted has disallowed characters: "lucide@latest"
[Method: GET, Route: img/lucide@latest]
in SYSTEMPATH\Router\Router.php on line 741.
 1 SYSTEMPATH\Router\Router.php(207): CodeIgniter\Router\Router->checkDisallowedChars('img/lucide@latest')
 2 SYSTEMPATH\CodeIgniter.php(832): CodeIgniter\Router\Router->handle('img/lucide@latest')
 3 SYSTEMPATH\CodeIgniter.php(455): CodeIgniter\CodeIgniter->tryToRouteIt(Object(CodeIgniter\Router\RouteCollection))
 4 SYSTEMPATH\CodeIgniter.php(354): CodeIgniter\CodeIgniter->handleRequest(null, Object(Config\Cache), false)
 5 SYSTEMPATH\Boot.php(363): CodeIgniter\CodeIgniter->run()
 6 SYSTEMPATH\Boot.php(68): CodeIgniter\Boot::runCodeIgniter(Object(CodeIgniter\CodeIgniter))
 7 FCPATH\index.php(59): CodeIgniter\Boot::bootWeb(Object(Config\Paths))
 8 SYSTEMPATH\rewrite.php(44): require_once('D:\\xamp1\\htdocs\\ci-mind\\public\\index.php')
CRITICAL - 2025-12-22 12:26:50 --> ErrorException: Undefined variable $members_description
[Method: GET, Route: id/members]
in APPPATH\Views\pages\members.php on line 16.
 1 APPPATH\Views\pages\members.php(16): CodeIgniter\Debug\Exceptions->errorHandler(2, 'Undefined variable $members_description', 'D:\\xamp1\\htdocs\\ci-mind\\app\\Views\\pages\\members.php', 16)
 2 SYSTEMPATH\View\View.php(226): include('D:\\xamp1\\htdocs\\ci-mind\\app\\Views\\pages\\members.php')
 3 SYSTEMPATH\View\View.php(229): CodeIgniter\View\View->CodeIgniter\View\{closure}()
 4 SYSTEMPATH\Common.php(1199): CodeIgniter\View\View->render('pages/members', [], true)
 5 APPPATH\Controllers\MemberController.php(48): view('pages/members', [...])
 6 SYSTEMPATH\CodeIgniter.php(933): App\Controllers\MemberController->index()
 7 SYSTEMPATH\CodeIgniter.php(507): CodeIgniter\CodeIgniter->runController(Object(App\Controllers\MemberController))
 8 SYSTEMPATH\CodeIgniter.php(354): CodeIgniter\CodeIgniter->handleRequest(null, Object(Config\Cache), false)
 9 SYSTEMPATH\Boot.php(363): CodeIgniter\CodeIgniter->run()
10 SYSTEMPATH\Boot.php(68): CodeIgniter\Boot::runCodeIgniter(Object(CodeIgniter\CodeIgniter))
11 FCPATH\index.php(59): CodeIgniter\Boot::bootWeb(Object(Config\Paths))
12 SYSTEMPATH\rewrite.php(44): require_once('D:\\xamp1\\htdocs\\ci-mind\\public\\index.php')
WARNING - 2025-12-22 14:39:22 --> [DEPRECATED] Creation of dynamic property App\Controllers\ContactController::$data is deprecated in APPPATH\Controllers\ContactController.php on line 13.
 1 SYSTEMPATH\CodeIgniter.php(933): App\Controllers\ContactController->index()
 2 SYSTEMPATH\CodeIgniter.php(507): CodeIgniter\CodeIgniter->runController(Object(App\Controllers\ContactController))
 3 SYSTEMPATH\CodeIgniter.php(354): CodeIgniter\CodeIgniter->handleRequest(null, Object(Config\Cache), false)
 4 SYSTEMPATH\Boot.php(363): CodeIgniter\CodeIgniter->run()
 5 SYSTEMPATH\Boot.php(68): CodeIgniter\Boot::runCodeIgniter(Object(CodeIgniter\CodeIgniter))
 6 FCPATH\index.php(59): CodeIgniter\Boot::bootWeb(Object(Config\Paths))
 7 SYSTEMPATH\rewrite.php(44): require_once('D:\\xamp1\\htdocs\\ci-mind\\public\\index.php')
CRITICAL - 2025-12-22 14:39:22 --> ErrorException: Undefined variable $lang
[Method: GET, Route: id/contact]
in APPPATH\Views\pages\contact.php on line 27.
 1 APPPATH\Views\pages\contact.php(27): CodeIgniter\Debug\Exceptions->errorHandler(2, 'Undefined variable $lang', 'D:\\xamp1\\htdocs\\ci-mind\\app\\Views\\pages\\contact.php', 27)
 2 SYSTEMPATH\View\View.php(226): include('D:\\xamp1\\htdocs\\ci-mind\\app\\Views\\pages\\contact.php')
 3 SYSTEMPATH\View\View.php(229): CodeIgniter\View\View->CodeIgniter\View\{closure}()
 4 SYSTEMPATH\Common.php(1199): CodeIgniter\View\View->render('pages/contact', [], true)
 5 APPPATH\Controllers\ContactController.php(32): view('pages/contact', [...])
 6 SYSTEMPATH\CodeIgniter.php(933): App\Controllers\ContactController->index()
 7 SYSTEMPATH\CodeIgniter.php(507): CodeIgniter\CodeIgniter->runController(Object(App\Controllers\ContactController))
 8 SYSTEMPATH\CodeIgniter.php(354): CodeIgniter\CodeIgniter->handleRequest(null, Object(Config\Cache), false)
 9 SYSTEMPATH\Boot.php(363): CodeIgniter\CodeIgniter->run()
10 SYSTEMPATH\Boot.php(68): CodeIgniter\Boot::runCodeIgniter(Object(CodeIgniter\CodeIgniter))
11 FCPATH\index.php(59): CodeIgniter\Boot::bootWeb(Object(Config\Paths))
12 SYSTEMPATH\rewrite.php(44): require_once('D:\\xamp1\\htdocs\\ci-mind\\public\\index.php')
WARNING - 2025-12-22 14:41:54 --> [DEPRECATED] Creation of dynamic property App\Controllers\ContactController::$data is deprecated in APPPATH\Controllers\ContactController.php on line 13.
 1 SYSTEMPATH\CodeIgniter.php(933): App\Controllers\ContactController->index()
 2 SYSTEMPATH\CodeIgniter.php(507): CodeIgniter\CodeIgniter->runController(Object(App\Controllers\ContactController))
 3 SYSTEMPATH\CodeIgniter.php(354): CodeIgniter\CodeIgniter->handleRequest(null, Object(Config\Cache), false)
 4 SYSTEMPATH\Boot.php(363): CodeIgniter\CodeIgniter->run()
 5 SYSTEMPATH\Boot.php(68): CodeIgniter\Boot::runCodeIgniter(Object(CodeIgniter\CodeIgniter))
 6 FCPATH\index.php(59): CodeIgniter\Boot::bootWeb(Object(Config\Paths))
 7 SYSTEMPATH\rewrite.php(44): require_once('D:\\xamp1\\htdocs\\ci-mind\\public\\index.php')
WARNING - 2025-12-22 14:50:38 --> [DEPRECATED] Creation of dynamic property App\Controllers\ContactController::$data is deprecated in APPPATH\Controllers\ContactController.php on line 13.
 1 SYSTEMPATH\CodeIgniter.php(933): App\Controllers\ContactController->index()
 2 SYSTEMPATH\CodeIgniter.php(507): CodeIgniter\CodeIgniter->runController(Object(App\Controllers\ContactController))
 3 SYSTEMPATH\CodeIgniter.php(354): CodeIgniter\CodeIgniter->handleRequest(null, Object(Config\Cache), false)
 4 SYSTEMPATH\Boot.php(363): CodeIgniter\CodeIgniter->run()
 5 SYSTEMPATH\Boot.php(68): CodeIgniter\Boot::runCodeIgniter(Object(CodeIgniter\CodeIgniter))
 6 FCPATH\index.php(59): CodeIgniter\Boot::bootWeb(Object(Config\Paths))
 7 SYSTEMPATH\rewrite.php(44): require_once('D:\\xamp1\\htdocs\\ci-mind\\public\\index.php')
WARNING - 2025-12-22 14:51:46 --> [DEPRECATED] Creation of dynamic property App\Controllers\ContactController::$data is deprecated in APPPATH\Controllers\ContactController.php on line 13.
 1 SYSTEMPATH\CodeIgniter.php(933): App\Controllers\ContactController->index()
 2 SYSTEMPATH\CodeIgniter.php(507): CodeIgniter\CodeIgniter->runController(Object(App\Controllers\ContactController))
 3 SYSTEMPATH\CodeIgniter.php(354): CodeIgniter\CodeIgniter->handleRequest(null, Object(Config\Cache), false)
 4 SYSTEMPATH\Boot.php(363): CodeIgniter\CodeIgniter->run()
 5 SYSTEMPATH\Boot.php(68): CodeIgniter\Boot::runCodeIgniter(Object(CodeIgniter\CodeIgniter))
 6 FCPATH\index.php(59): CodeIgniter\Boot::bootWeb(Object(Config\Paths))
 7 SYSTEMPATH\rewrite.php(44): require_once('D:\\xamp1\\htdocs\\ci-mind\\public\\index.php')
WARNING - 2025-12-22 14:55:58 --> [DEPRECATED] Creation of dynamic property App\Controllers\ContactController::$data is deprecated in APPPATH\Controllers\ContactController.php on line 13.
 1 SYSTEMPATH\CodeIgniter.php(933): App\Controllers\ContactController->index()
 2 SYSTEMPATH\CodeIgniter.php(507): CodeIgniter\CodeIgniter->runController(Object(App\Controllers\ContactController))
 3 SYSTEMPATH\CodeIgniter.php(354): CodeIgniter\CodeIgniter->handleRequest(null, Object(Config\Cache), false)
 4 SYSTEMPATH\Boot.php(363): CodeIgniter\CodeIgniter->run()
 5 SYSTEMPATH\Boot.php(68): CodeIgniter\Boot::runCodeIgniter(Object(CodeIgniter\CodeIgniter))
 6 FCPATH\index.php(59): CodeIgniter\Boot::bootWeb(Object(Config\Paths))
 7 SYSTEMPATH\rewrite.php(44): require_once('D:\\xamp1\\htdocs\\ci-mind\\public\\index.php')
WARNING - 2025-12-22 14:56:09 --> [DEPRECATED] Creation of dynamic property App\Controllers\ContactController::$data is deprecated in APPPATH\Controllers\ContactController.php on line 13.
 1 SYSTEMPATH\CodeIgniter.php(933): App\Controllers\ContactController->index()
 2 SYSTEMPATH\CodeIgniter.php(507): CodeIgniter\CodeIgniter->runController(Object(App\Controllers\ContactController))
 3 SYSTEMPATH\CodeIgniter.php(354): CodeIgniter\CodeIgniter->handleRequest(null, Object(Config\Cache), false)
 4 SYSTEMPATH\Boot.php(363): CodeIgniter\CodeIgniter->run()
 5 SYSTEMPATH\Boot.php(68): CodeIgniter\Boot::runCodeIgniter(Object(CodeIgniter\CodeIgniter))
 6 FCPATH\index.php(59): CodeIgniter\Boot::bootWeb(Object(Config\Paths))
 7 SYSTEMPATH\rewrite.php(44): require_once('D:\\xamp1\\htdocs\\ci-mind\\public\\index.php')
WARNING - 2025-12-22 14:56:36 --> [DEPRECATED] Creation of dynamic property App\Controllers\ContactController::$data is deprecated in APPPATH\Controllers\ContactController.php on line 13.
 1 SYSTEMPATH\CodeIgniter.php(933): App\Controllers\ContactController->index()
 2 SYSTEMPATH\CodeIgniter.php(507): CodeIgniter\CodeIgniter->runController(Object(App\Controllers\ContactController))
 3 SYSTEMPATH\CodeIgniter.php(354): CodeIgniter\CodeIgniter->handleRequest(null, Object(Config\Cache), false)
 4 SYSTEMPATH\Boot.php(363): CodeIgniter\CodeIgniter->run()
 5 SYSTEMPATH\Boot.php(68): CodeIgniter\Boot::runCodeIgniter(Object(CodeIgniter\CodeIgniter))
 6 FCPATH\index.php(59): CodeIgniter\Boot::bootWeb(Object(Config\Paths))
 7 SYSTEMPATH\rewrite.php(44): require_once('D:\\xamp1\\htdocs\\ci-mind\\public\\index.php')
CRITICAL - 2025-12-22 15:23:08 --> ErrorException: Undefined variable $locale
[Method: GET, Route: id/contact]
in APPPATH\Views\layout\footer.php on line 8.
 1 APPPATH\Views\layout\footer.php(8): CodeIgniter\Debug\Exceptions->errorHandler(2, 'Undefined variable $locale', 'D:\\xamp1\\htdocs\\ci-mind\\app\\Views\\layout\\footer.php', 8)
 2 SYSTEMPATH\View\View.php(226): include('D:\\xamp1\\htdocs\\ci-mind\\app\\Views\\layout\\footer.php')
 3 SYSTEMPATH\View\View.php(229): CodeIgniter\View\View->CodeIgniter\View\{closure}()
 4 SYSTEMPATH\View\View.php(475): CodeIgniter\View\View->render('layout/footer', null, true)
 5 APPPATH\Views\layout\default.php(100): CodeIgniter\View\View->include('layout/footer')
 6 SYSTEMPATH\View\View.php(226): include('D:\\xamp1\\htdocs\\ci-mind\\app\\Views\\layout\\default.php')
 7 SYSTEMPATH\View\View.php(229): CodeIgniter\View\View->CodeIgniter\View\{closure}()
 8 SYSTEMPATH\View\View.php(242): CodeIgniter\View\View->render('layout/default', [], true)
 9 SYSTEMPATH\Common.php(1199): CodeIgniter\View\View->render('pages/contact', [], true)
10 APPPATH\Controllers\ContactController.php(39): view('pages/contact', [...])
11 SYSTEMPATH\CodeIgniter.php(933): App\Controllers\ContactController->index()
12 SYSTEMPATH\CodeIgniter.php(507): CodeIgniter\CodeIgniter->runController(Object(App\Controllers\ContactController))
13 SYSTEMPATH\CodeIgniter.php(354): CodeIgniter\CodeIgniter->handleRequest(null, Object(Config\Cache), false)
14 SYSTEMPATH\Boot.php(363): CodeIgniter\CodeIgniter->run()
15 SYSTEMPATH\Boot.php(68): CodeIgniter\Boot::runCodeIgniter(Object(CodeIgniter\CodeIgniter))
16 FCPATH\index.php(59): CodeIgniter\Boot::bootWeb(Object(Config\Paths))
17 SYSTEMPATH\rewrite.php(44): require_once('D:\\xamp1\\htdocs\\ci-mind\\public\\index.php')
