ERROR - 2025-12-29 04:15:03 --> Error connecting to the database: ErrorException: mysqli::real_connect(): php_network_getaddresses: getaddrinfo for batugrub failed: No such host is known.  in D:\xamp1\htdocs\ci-mind\system\Database\MySQLi\Connection.php:201
Stack trace:
#0 [internal function]: CodeIgniter\Debug\Exceptions->errorHandler(2, 'mysqli::real_co...', 'D:\\xamp1\\htdocs...', 201)
#1 D:\xamp1\htdocs\ci-mind\system\Database\MySQLi\Connection.php(201): mysqli->real_connect('batugrub', 'root', Object(SensitiveParameterValue), 'ci4', 3306, '', 0)
#2 D:\xamp1\htdocs\ci-mind\system\Database\BaseConnection.php(419): CodeIgniter\Database\MySQLi\Connection->connect(false)
#3 D:\xamp1\htdocs\ci-mind\system\Database\BaseConnection.php(614): CodeIgniter\Database\BaseConnection->initialize()
#4 D:\xamp1\htdocs\ci-mind\system\Database\BaseBuilder.php(1649): CodeIgniter\Database\BaseConnection->query('SELECT *\nFROM `...', Array, false)
#5 D:\xamp1\htdocs\ci-mind\system\Model.php(330): CodeIgniter\Database\BaseBuilder->get()
#6 D:\xamp1\htdocs\ci-mind\system\BaseModel.php(715): CodeIgniter\Model->doFirst()
#7 D:\xamp1\htdocs\ci-mind\app\Controllers\Home.php(41): CodeIgniter\BaseModel->first()
#8 D:\xamp1\htdocs\ci-mind\system\CodeIgniter.php(933): App\Controllers\Home->index()
#9 D:\xamp1\htdocs\ci-mind\system\CodeIgniter.php(507): CodeIgniter\CodeIgniter->runController(Object(App\Controllers\Home))
#10 D:\xamp1\htdocs\ci-mind\system\CodeIgniter.php(354): CodeIgniter\CodeIgniter->handleRequest(NULL, Object(Config\Cache), false)
#11 D:\xamp1\htdocs\ci-mind\system\Boot.php(363): CodeIgniter\CodeIgniter->run()
#12 D:\xamp1\htdocs\ci-mind\system\Boot.php(68): CodeIgniter\Boot::runCodeIgniter(Object(CodeIgniter\CodeIgniter))
#13 D:\xamp1\htdocs\ci-mind\public\index.php(59): CodeIgniter\Boot::bootWeb(Object(Config\Paths))
#14 D:\xamp1\htdocs\ci-mind\system\rewrite.php(44): require_once('D:\\xamp1\\htdocs...')
#15 {main}

Next mysqli_sql_exception: php_network_getaddresses: getaddrinfo for batugrub failed: No such host is known.  in D:\xamp1\htdocs\ci-mind\system\Database\MySQLi\Connection.php:201
Stack trace:
#0 D:\xamp1\htdocs\ci-mind\system\Database\MySQLi\Connection.php(201): mysqli->real_connect('batugrub', 'root', Object(SensitiveParameterValue), 'ci4', 3306, '', 0)
#1 D:\xamp1\htdocs\ci-mind\system\Database\BaseConnection.php(419): CodeIgniter\Database\MySQLi\Connection->connect(false)
#2 D:\xamp1\htdocs\ci-mind\system\Database\BaseConnection.php(614): CodeIgniter\Database\BaseConnection->initialize()
#3 D:\xamp1\htdocs\ci-mind\system\Database\BaseBuilder.php(1649): CodeIgniter\Database\BaseConnection->query('SELECT *\nFROM `...', Array, false)
#4 D:\xamp1\htdocs\ci-mind\system\Model.php(330): CodeIgniter\Database\BaseBuilder->get()
#5 D:\xamp1\htdocs\ci-mind\system\BaseModel.php(715): CodeIgniter\Model->doFirst()
#6 D:\xamp1\htdocs\ci-mind\app\Controllers\Home.php(41): CodeIgniter\BaseModel->first()
#7 D:\xamp1\htdocs\ci-mind\system\CodeIgniter.php(933): App\Controllers\Home->index()
#8 D:\xamp1\htdocs\ci-mind\system\CodeIgniter.php(507): CodeIgniter\CodeIgniter->runController(Object(App\Controllers\Home))
#9 D:\xamp1\htdocs\ci-mind\system\CodeIgniter.php(354): CodeIgniter\CodeIgniter->handleRequest(NULL, Object(Config\Cache), false)
#10 D:\xamp1\htdocs\ci-mind\system\Boot.php(363): CodeIgniter\CodeIgniter->run()
#11 D:\xamp1\htdocs\ci-mind\system\Boot.php(68): CodeIgniter\Boot::runCodeIgniter(Object(CodeIgniter\CodeIgniter))
#12 D:\xamp1\htdocs\ci-mind\public\index.php(59): CodeIgniter\Boot::bootWeb(Object(Config\Paths))
#13 D:\xamp1\htdocs\ci-mind\system\rewrite.php(44): require_once('D:\\xamp1\\htdocs...')
#14 {main}

Next CodeIgniter\Database\Exceptions\DatabaseException: php_network_getaddresses: getaddrinfo for batugrub failed: No such host is known.  in D:\xamp1\htdocs\ci-mind\system\Database\MySQLi\Connection.php:246
Stack trace:
#0 D:\xamp1\htdocs\ci-mind\system\Database\BaseConnection.php(419): CodeIgniter\Database\MySQLi\Connection->connect(false)
#1 D:\xamp1\htdocs\ci-mind\system\Database\BaseConnection.php(614): CodeIgniter\Database\BaseConnection->initialize()
#2 D:\xamp1\htdocs\ci-mind\system\Database\BaseBuilder.php(1649): CodeIgniter\Database\BaseConnection->query('SELECT *\nFROM `...', Array, false)
#3 D:\xamp1\htdocs\ci-mind\system\Model.php(330): CodeIgniter\Database\BaseBuilder->get()
#4 D:\xamp1\htdocs\ci-mind\system\BaseModel.php(715): CodeIgniter\Model->doFirst()
#5 D:\xamp1\htdocs\ci-mind\app\Controllers\Home.php(41): CodeIgniter\BaseModel->first()
#6 D:\xamp1\htdocs\ci-mind\system\CodeIgniter.php(933): App\Controllers\Home->index()
#7 D:\xamp1\htdocs\ci-mind\system\CodeIgniter.php(507): CodeIgniter\CodeIgniter->runController(Object(App\Controllers\Home))
#8 D:\xamp1\htdocs\ci-mind\system\CodeIgniter.php(354): CodeIgniter\CodeIgniter->handleRequest(NULL, Object(Config\Cache), false)
#9 D:\xamp1\htdocs\ci-mind\system\Boot.php(363): CodeIgniter\CodeIgniter->run()
#10 D:\xamp1\htdocs\ci-mind\system\Boot.php(68): CodeIgniter\Boot::runCodeIgniter(Object(CodeIgniter\CodeIgniter))
#11 D:\xamp1\htdocs\ci-mind\public\index.php(59): CodeIgniter\Boot::bootWeb(Object(Config\Paths))
#12 D:\xamp1\htdocs\ci-mind\system\rewrite.php(44): require_once('D:\\xamp1\\htdocs...')
#13 {main}
CRITICAL - 2025-12-29 04:15:03 --> CodeIgniter\Database\Exceptions\DatabaseException: Unable to connect to the database.
Main connection [MySQLi]: php_network_getaddresses: getaddrinfo for batugrub failed: No such host is known. 
[Method: GET, Route: id]
in SYSTEMPATH\Database\BaseConnection.php on line 465.
 1 SYSTEMPATH\Database\BaseConnection.php(614): CodeIgniter\Database\BaseConnection->initialize()
 2 SYSTEMPATH\Database\BaseBuilder.php(1649): CodeIgniter\Database\BaseConnection->query('SELECT *
FROM `tb_meta`
WHERE `nama_halaman_id` = :nama_halaman_id:
 LIMIT 1', [...], false)
 3 SYSTEMPATH\Model.php(330): CodeIgniter\Database\BaseBuilder->get()
 4 SYSTEMPATH\BaseModel.php(715): CodeIgniter\Model->doFirst()
 5 APPPATH\Controllers\Home.php(41): CodeIgniter\BaseModel->first()
 6 SYSTEMPATH\CodeIgniter.php(933): App\Controllers\Home->index()
 7 SYSTEMPATH\CodeIgniter.php(507): CodeIgniter\CodeIgniter->runController(Object(App\Controllers\Home))
 8 SYSTEMPATH\CodeIgniter.php(354): CodeIgniter\CodeIgniter->handleRequest(null, Object(Config\Cache), false)
 9 SYSTEMPATH\Boot.php(363): CodeIgniter\CodeIgniter->run()
10 SYSTEMPATH\Boot.php(68): CodeIgniter\Boot::runCodeIgniter(Object(CodeIgniter\CodeIgniter))
11 FCPATH\index.php(59): CodeIgniter\Boot::bootWeb(Object(Config\Paths))
12 SYSTEMPATH\rewrite.php(44): require_once('D:\\xamp1\\htdocs\\ci-mind\\public\\index.php')
CRITICAL - 2025-12-29 06:42:44 --> ErrorException: Undefined variable $locale
[Method: GET, Route: id/berita]
in APPPATH\Views\layout\footer.php on line 30.
 1 APPPATH\Views\layout\footer.php(30): CodeIgniter\Debug\Exceptions->errorHandler(2, 'Undefined variable $locale', 'D:\\xamp1\\htdocs\\ci-mind\\app\\Views\\layout\\footer.php', 30)
 2 SYSTEMPATH\View\View.php(226): include('D:\\xamp1\\htdocs\\ci-mind\\app\\Views\\layout\\footer.php')
 3 SYSTEMPATH\View\View.php(229): CodeIgniter\View\View->CodeIgniter\View\{closure}()
 4 SYSTEMPATH\View\View.php(475): CodeIgniter\View\View->render('layout/footer', null, true)
 5 APPPATH\Views\layout\default.php(100): CodeIgniter\View\View->include('layout/footer')
 6 SYSTEMPATH\View\View.php(226): include('D:\\xamp1\\htdocs\\ci-mind\\app\\Views\\layout\\default.php')
 7 SYSTEMPATH\View\View.php(229): CodeIgniter\View\View->CodeIgniter\View\{closure}()
 8 SYSTEMPATH\View\View.php(242): CodeIgniter\View\View->render('layout/default', [], true)
 9 SYSTEMPATH\Common.php(1199): CodeIgniter\View\View->render('pages/berita', [], true)
10 APPPATH\Controllers\Berita.php(27): view('pages/berita', [...])
11 SYSTEMPATH\CodeIgniter.php(933): App\Controllers\Berita->index()
12 SYSTEMPATH\CodeIgniter.php(507): CodeIgniter\CodeIgniter->runController(Object(App\Controllers\Berita))
13 SYSTEMPATH\CodeIgniter.php(354): CodeIgniter\CodeIgniter->handleRequest(null, Object(Config\Cache), false)
14 SYSTEMPATH\Boot.php(363): CodeIgniter\CodeIgniter->run()
15 SYSTEMPATH\Boot.php(68): CodeIgniter\Boot::runCodeIgniter(Object(CodeIgniter\CodeIgniter))
16 FCPATH\index.php(59): CodeIgniter\Boot::bootWeb(Object(Config\Paths))
17 SYSTEMPATH\rewrite.php(44): require_once('D:\\xamp1\\htdocs\\ci-mind\\public\\index.php')
