INFO - 2026-01-02 02:15:15 --> REDIRECTED ROUTE at http://localhost:8080/id
INFO - 2026-01-02 02:15:18 --> REDIRECTED ROUTE at http://localhost:8080/id
CRITICAL - 2026-01-02 08:20:22 --> CodeIgniter\Pager\Exceptions\PagerException: "custom_full" is not a valid Pager template.
[Method: GET, Route: id/members]
in SYSTEMPATH\Pager\Pager.php on line 124.
 1 SYSTEMPATH\Pager\Pager.php(124): CodeIgniter\Pager\Exceptions\PagerException::forInvalidTemplate('custom_full')
 2 SYSTEMPATH\Pager\Pager.php(87): CodeIgniter\Pager\Pager->displayLinks('default', 'custom_full')
 3 APPPATH\Views\pages\members.php(73): CodeIgniter\Pager\Pager->links('default', 'custom_full')
 4 SYSTEMPATH\View\View.php(226): include('D:\\xamp1\\htdocs\\ci-mind\\app\\Views\\pages\\members.php')
 5 SYSTEMPATH\View\View.php(229): CodeIgniter\View\View->CodeIgniter\View\{closure}()
 6 SYSTEMPATH\Common.php(1199): CodeIgniter\View\View->render('pages/members', [], true)
 7 APPPATH\Controllers\MemberController.php(36): view('pages/members', [...])
 8 SYSTEMPATH\CodeIgniter.php(933): App\Controllers\MemberController->index()
 9 SYSTEMPATH\CodeIgniter.php(507): CodeIgniter\CodeIgniter->runController(Object(App\Controllers\MemberController))
10 SYSTEMPATH\CodeIgniter.php(354): CodeIgniter\CodeIgniter->handleRequest(null, Object(Config\Cache), false)
11 SYSTEMPATH\Boot.php(363): CodeIgniter\CodeIgniter->run()
12 SYSTEMPATH\Boot.php(68): CodeIgniter\Boot::runCodeIgniter(Object(CodeIgniter\CodeIgniter))
13 FCPATH\index.php(59): CodeIgniter\Boot::bootWeb(Object(Config\Paths))
14 SYSTEMPATH\rewrite.php(44): require_once('D:\\xamp1\\htdocs\\ci-mind\\public\\index.php')
CRITICAL - 2026-01-02 11:55:21 --> ErrorException: Undefined array key "gambar_slider"
[Method: GET, Route: id]
in APPPATH\Views\pages\home.php on line 17.
 1 APPPATH\Views\pages\home.php(17): CodeIgniter\Debug\Exceptions->errorHandler(2, 'Undefined array key "gambar_slider"', 'D:\\xamp1\\htdocs\\ci-mind\\app\\Views\\pages\\home.php', 17)
 2 SYSTEMPATH\View\View.php(226): include('D:\\xamp1\\htdocs\\ci-mind\\app\\Views\\pages\\home.php')
 3 SYSTEMPATH\View\View.php(229): CodeIgniter\View\View->CodeIgniter\View\{closure}()
 4 SYSTEMPATH\Common.php(1199): CodeIgniter\View\View->render('pages/home', [], true)
 5 APPPATH\Controllers\Home.php(73): view('pages/home', [...])
 6 SYSTEMPATH\CodeIgniter.php(933): App\Controllers\Home->index()
 7 SYSTEMPATH\CodeIgniter.php(507): CodeIgniter\CodeIgniter->runController(Object(App\Controllers\Home))
 8 SYSTEMPATH\CodeIgniter.php(354): CodeIgniter\CodeIgniter->handleRequest(null, Object(Config\Cache), false)
 9 SYSTEMPATH\Boot.php(363): CodeIgniter\CodeIgniter->run()
10 SYSTEMPATH\Boot.php(68): CodeIgniter\Boot::runCodeIgniter(Object(CodeIgniter\CodeIgniter))
11 FCPATH\index.php(59): CodeIgniter\Boot::bootWeb(Object(Config\Paths))
12 SYSTEMPATH\rewrite.php(44): require_once('D:\\xamp1\\htdocs\\ci-mind\\public\\index.php')
