CRITICAL - 2025-12-23 07:29:11 --> ErrorException: Undefined variable $locale
[Method: GET, Route: id/karir]
in APPPATH\Views\pages\karir.php on line 92.
 1 APPPATH\Views\pages\karir.php(92): CodeIgniter\Debug\Exceptions->errorHandler(2, 'Undefined variable $locale', 'D:\\xamp1\\htdocs\\ci-mind\\app\\Views\\pages\\karir.php', 92)
 2 SYSTEMPATH\View\View.php(226): include('D:\\xamp1\\htdocs\\ci-mind\\app\\Views\\pages\\karir.php')
 3 SYSTEMPATH\View\View.php(229): CodeIgniter\View\View->CodeIgniter\View\{closure}()
 4 SYSTEMPATH\Common.php(1199): CodeIgniter\View\View->render('pages/karir', [], true)
 5 APPPATH\Controllers\Karir.php(15): view('pages/karir', [...])
 6 SYSTEMPATH\CodeIgniter.php(933): App\Controllers\Karir->index()
 7 SYSTEMPATH\CodeIgniter.php(507): CodeIgniter\CodeIgniter->runController(Object(App\Controllers\Karir))
 8 SYSTEMPATH\CodeIgniter.php(354): CodeIgniter\CodeIgniter->handleRequest(null, Object(Config\Cache), false)
 9 SYSTEMPATH\Boot.php(363): CodeIgniter\CodeIgniter->run()
10 SYSTEMPATH\Boot.php(68): CodeIgniter\Boot::runCodeIgniter(Object(CodeIgniter\CodeIgniter))
11 FCPATH\index.php(59): CodeIgniter\Boot::bootWeb(Object(Config\Paths))
12 SYSTEMPATH\rewrite.php(44): require_once('D:\\xamp1\\htdocs\\ci-mind\\public\\index.php')
CRITICAL - 2025-12-23 07:29:19 --> ErrorException: Undefined variable $locale
[Method: GET, Route: id/karir]
in APPPATH\Views\pages\karir.php on line 92.
 1 APPPATH\Views\pages\karir.php(92): CodeIgniter\Debug\Exceptions->errorHandler(2, 'Undefined variable $locale', 'D:\\xamp1\\htdocs\\ci-mind\\app\\Views\\pages\\karir.php', 92)
 2 SYSTEMPATH\View\View.php(226): include('D:\\xamp1\\htdocs\\ci-mind\\app\\Views\\pages\\karir.php')
 3 SYSTEMPATH\View\View.php(229): CodeIgniter\View\View->CodeIgniter\View\{closure}()
 4 SYSTEMPATH\Common.php(1199): CodeIgniter\View\View->render('pages/karir', [], true)
 5 APPPATH\Controllers\Karir.php(15): view('pages/karir', [...])
 6 SYSTEMPATH\CodeIgniter.php(933): App\Controllers\Karir->index()
 7 SYSTEMPATH\CodeIgniter.php(507): CodeIgniter\CodeIgniter->runController(Object(App\Controllers\Karir))
 8 SYSTEMPATH\CodeIgniter.php(354): CodeIgniter\CodeIgniter->handleRequest(null, Object(Config\Cache), false)
 9 SYSTEMPATH\Boot.php(363): CodeIgniter\CodeIgniter->run()
10 SYSTEMPATH\Boot.php(68): CodeIgniter\Boot::runCodeIgniter(Object(CodeIgniter\CodeIgniter))
11 FCPATH\index.php(59): CodeIgniter\Boot::bootWeb(Object(Config\Paths))
12 SYSTEMPATH\rewrite.php(44): require_once('D:\\xamp1\\htdocs\\ci-mind\\public\\index.php')
INFO - 2025-12-23 14:15:49 --> REDIRECTED ROUTE at http://localhost:8080/id
CRITICAL - 2025-12-23 15:18:54 --> ErrorException: Undefined variable $locale
[Method: GET, Route: id/contact]
in APPPATH\Views\layout\footer.php on line 30.
 1 APPPATH\Views\layout\footer.php(30): CodeIgniter\Debug\Exceptions->errorHandler(2, 'Undefined variable $locale', 'D:\\xamp1\\htdocs\\ci-mind\\app\\Views\\layout\\footer.php', 30)
 2 SYSTEMPATH\View\View.php(226): include('D:\\xamp1\\htdocs\\ci-mind\\app\\Views\\layout\\footer.php')
 3 SYSTEMPATH\View\View.php(229): CodeIgniter\View\View->CodeIgniter\View\{closure}()
 4 SYSTEMPATH\View\View.php(475): CodeIgniter\View\View->render('layout/footer', null, true)
 5 APPPATH\Views\layout\default.php(100): CodeIgniter\View\View->include('layout/footer')
 6 SYSTEMPATH\View\View.php(226): include('D:\\xamp1\\htdocs\\ci-mind\\app\\Views\\layout\\default.php')
 7 SYSTEMPATH\View\View.php(229): CodeIgniter\View\View->CodeIgniter\View\{closure}()
 8 SYSTEMPATH\View\View.php(242): CodeIgniter\View\View->render('layout/default', [], true)
 9 SYSTEMPATH\Common.php(1199): CodeIgniter\View\View->render('pages/contact', [], true)
10 APPPATH\Controllers\ContactController.php(44): view('pages/contact', [...])
11 SYSTEMPATH\CodeIgniter.php(933): App\Controllers\ContactController->index()
12 SYSTEMPATH\CodeIgniter.php(507): CodeIgniter\CodeIgniter->runController(Object(App\Controllers\ContactController))
13 SYSTEMPATH\CodeIgniter.php(354): CodeIgniter\CodeIgniter->handleRequest(null, Object(Config\Cache), false)
14 SYSTEMPATH\Boot.php(363): CodeIgniter\CodeIgniter->run()
15 SYSTEMPATH\Boot.php(68): CodeIgniter\Boot::runCodeIgniter(Object(CodeIgniter\CodeIgniter))
16 FCPATH\index.php(59): CodeIgniter\Boot::bootWeb(Object(Config\Paths))
17 SYSTEMPATH\rewrite.php(44): require_once('D:\\xamp1\\htdocs\\ci-mind\\public\\index.php')
CRITICAL - 2025-12-23 15:23:47 --> ErrorException: Undefined variable $locale
[Method: GET, Route: id/members]
in APPPATH\Views\layout\footer.php on line 30.
 1 APPPATH\Views\layout\footer.php(30): CodeIgniter\Debug\Exceptions->errorHandler(2, 'Undefined variable $locale', 'D:\\xamp1\\htdocs\\ci-mind\\app\\Views\\layout\\footer.php', 30)
 2 SYSTEMPATH\View\View.php(226): include('D:\\xamp1\\htdocs\\ci-mind\\app\\Views\\layout\\footer.php')
 3 SYSTEMPATH\View\View.php(229): CodeIgniter\View\View->CodeIgniter\View\{closure}()
 4 SYSTEMPATH\View\View.php(475): CodeIgniter\View\View->render('layout/footer', null, true)
 5 APPPATH\Views\layout\default.php(100): CodeIgniter\View\View->include('layout/footer')
 6 SYSTEMPATH\View\View.php(226): include('D:\\xamp1\\htdocs\\ci-mind\\app\\Views\\layout\\default.php')
 7 SYSTEMPATH\View\View.php(229): CodeIgniter\View\View->CodeIgniter\View\{closure}()
 8 SYSTEMPATH\View\View.php(242): CodeIgniter\View\View->render('layout/default', [], true)
 9 SYSTEMPATH\Common.php(1199): CodeIgniter\View\View->render('pages/members', [], true)
10 APPPATH\Controllers\MemberController.php(91): view('pages/members', [...])
11 SYSTEMPATH\CodeIgniter.php(933): App\Controllers\MemberController->index()
12 SYSTEMPATH\CodeIgniter.php(507): CodeIgniter\CodeIgniter->runController(Object(App\Controllers\MemberController))
13 SYSTEMPATH\CodeIgniter.php(354): CodeIgniter\CodeIgniter->handleRequest(null, Object(Config\Cache), false)
14 SYSTEMPATH\Boot.php(363): CodeIgniter\CodeIgniter->run()
15 SYSTEMPATH\Boot.php(68): CodeIgniter\Boot::runCodeIgniter(Object(CodeIgniter\CodeIgniter))
16 FCPATH\index.php(59): CodeIgniter\Boot::bootWeb(Object(Config\Paths))
17 SYSTEMPATH\rewrite.php(44): require_once('D:\\xamp1\\htdocs\\ci-mind\\public\\index.php')
CRITICAL - 2025-12-23 15:24:02 --> ErrorException: Undefined variable $locale
[Method: GET, Route: id/members]
in APPPATH\Views\layout\footer.php on line 30.
 1 APPPATH\Views\layout\footer.php(30): CodeIgniter\Debug\Exceptions->errorHandler(2, 'Undefined variable $locale', 'D:\\xamp1\\htdocs\\ci-mind\\app\\Views\\layout\\footer.php', 30)
 2 SYSTEMPATH\View\View.php(226): include('D:\\xamp1\\htdocs\\ci-mind\\app\\Views\\layout\\footer.php')
 3 SYSTEMPATH\View\View.php(229): CodeIgniter\View\View->CodeIgniter\View\{closure}()
 4 SYSTEMPATH\View\View.php(475): CodeIgniter\View\View->render('layout/footer', null, true)
 5 APPPATH\Views\layout\default.php(100): CodeIgniter\View\View->include('layout/footer')
 6 SYSTEMPATH\View\View.php(226): include('D:\\xamp1\\htdocs\\ci-mind\\app\\Views\\layout\\default.php')
 7 SYSTEMPATH\View\View.php(229): CodeIgniter\View\View->CodeIgniter\View\{closure}()
 8 SYSTEMPATH\View\View.php(242): CodeIgniter\View\View->render('layout/default', [], true)
 9 SYSTEMPATH\Common.php(1199): CodeIgniter\View\View->render('pages/members', [], true)
10 APPPATH\Controllers\MemberController.php(91): view('pages/members', [...])
11 SYSTEMPATH\CodeIgniter.php(933): App\Controllers\MemberController->index()
12 SYSTEMPATH\CodeIgniter.php(507): CodeIgniter\CodeIgniter->runController(Object(App\Controllers\MemberController))
13 SYSTEMPATH\CodeIgniter.php(354): CodeIgniter\CodeIgniter->handleRequest(null, Object(Config\Cache), false)
14 SYSTEMPATH\Boot.php(363): CodeIgniter\CodeIgniter->run()
15 SYSTEMPATH\Boot.php(68): CodeIgniter\Boot::runCodeIgniter(Object(CodeIgniter\CodeIgniter))
16 FCPATH\index.php(59): CodeIgniter\Boot::bootWeb(Object(Config\Paths))
17 SYSTEMPATH\rewrite.php(44): require_once('D:\\xamp1\\htdocs\\ci-mind\\public\\index.php')
